<?xml version="1.0" encoding="UTF-8"?>
<!-- Generated by org.testng.reporters.JUnitXMLReporter -->
<testsuite ignored="2" hostname="DESKTOP-IQPQ4GD" failures="0" tests="8" name="Test" time="25.714" errors="0" timestamp="2023-04-10T19:08:22 IST">
  <testcase classname="Testng.Concepts" name="balakrishna" time="0.012"/>
  <testcase classname="Testng.Concepts" name="chiranjeevi" time="0.009"/>
  <testcase classname="Testng.Hierarchytestng" name="Lunch" time="0.018"/>
  <testcase classname="Testng.Hierarchytestng" name="breakfast" time="0.005"/>
  <testcase classname="Testng.Hierarchytestng" name="testing" time="0.004"/>
  <testcase classname="Testng.Practice" name="emaildetails" time="5.229"/>
  <testcase classname="Testng.Practice" name="passworddetails" time="2.137"/>
  <testcase classname="Testng.Practice" name="login" time="10.205"/>
  <testcase classname="Testng.Concepts" name="venkatesh" time="0.0">
    <ignored/>
  </testcase> <!-- venkatesh -->
  <testcase classname="Testng.Concepts" name="nagarjuna" time="0.0">
    <ignored/>
  </testcase> <!-- nagarjuna -->
</testsuite> <!-- Test -->
