<?xml version="1.0" encoding="UTF-8"?>
<testng-results ignored="0" total="1" passed="1" failed="0" skipped="0">
  <reporter-output>
  </reporter-output>
  <suite started-at="2023-07-27T14:59:28 IST" name="Default suite" finished-at="2023-07-27T14:59:51 IST" duration-ms="22577">
    <groups>
    </groups>
    <test started-at="2023-07-27T14:59:28 IST" name="Default test" finished-at="2023-07-27T14:59:51 IST" duration-ms="22577">
      <class name="Windowhandles.Window">
        <test-method is-config="true" signature="open()[pri:0, instance:Windowhandles.Window@78452606]" started-at="2023-07-27T14:59:28 IST" name="open" finished-at="2023-07-27T14:59:38 IST" duration-ms="9351" status="PASS">
          <reporter-output>
          </reporter-output>
        </test-method> <!-- open -->
        <test-method signature="alert()[pri:0, instance:Windowhandles.Window@78452606]" started-at="2023-07-27T14:59:38 IST" name="alert" finished-at="2023-07-27T14:59:51 IST" duration-ms="12740" status="PASS">
          <reporter-output>
          </reporter-output>
        </test-method> <!-- alert -->
        <test-method is-config="true" signature="close()[pri:0, instance:Windowhandles.Window@78452606]" started-at="2023-07-27T14:59:51 IST" name="close" finished-at="2023-07-27T14:59:51 IST" duration-ms="312" status="PASS">
          <reporter-output>
          </reporter-output>
        </test-method> <!-- close -->
      </class> <!-- Windowhandles.Window -->
    </test> <!-- Default test -->
  </suite> <!-- Default suite -->
</testng-results>
